<?xml version="1.0" encoding="UTF-8"?>
<!-- Generated by org.testng.reporters.JUnitXMLReporter -->
<testsuite ignored="0" hostname="LAPTOP-O6A74HKF" failures="1" tests="4" name="Test" time="240.06" errors="0" timestamp="2025-09-25T17:51:25 IST">
  <testcase classname="test.LoginTests" name="verifyInvalidLoginShowsErrorMessage" time="1.147"/>
  <testcase classname="test.LoginTests" name="verifyLoginButtonDisabledWhenFieldsEmpty" time="0.084">
    <failure type="java.lang.AssertionError" message="Login button should be disabled when fields are empty. expected [true] but found [false]">
      <![CDATA[java.lang.AssertionError: Login button should be disabled when fields are empty. expected [true] but found [false]
at test.LoginTests.verifyLoginButtonDisabledWhenFieldsEmpty(LoginTests.java:12)
at java.base/java.util.ArrayList.forEach(ArrayList.java:1596)
... Removed 28 stack frames]]>
    </failure>
  </testcase> <!-- verifyLoginButtonDisabledWhenFieldsEmpty -->
  <testcase classname="test.LoginTests" name="verifyPasswordMaskedAndUnmasked" time="0.549"/>
  <testcase classname="test.LoginTests" name="verifyPresenceOfPageElements" time="0.285"/>
</testsuite> <!-- Test -->
